<?xml version="1.0" encoding="UTF-8"?>
<!-- Generated by org.testng.reporters.JUnitXMLReporter -->
<testsuite ignored="0" hostname="AKASH-PC" failures="0" tests="5" name="Default test" time="2.65" errors="0" timestamp="2022-01-17T20:41:46 IST">
  <testcase classname="TestNggroup.DataProviderParameter" name="login" time="0.015"/>
  <testcase classname="TestNggroup.DataProviderParameter" name="login" time="0.006"/>
  <testcase classname="TestNggroup.DataProviderParameter" name="login" time="0.002"/>
  <testcase classname="TestNggroup.DataProviderParameter" name="login" time="0.005"/>
  <testcase classname="TestNggroup.DataProviderParameter" name="login" time="0.005"/>
</testsuite> <!-- Default test -->
