<?xml version="1.0" encoding="UTF-8"?>
<!-- Generated by org.testng.reporters.JUnitXMLReporter -->
<testsuite ignored="1" hostname="AKASH-PC" failures="0" tests="1" name="Default test" time="39.2" errors="0" timestamp="2022-01-18T21:00:33 IST">
  <testcase classname="advanceHandling.fileDownloadingInChrome" name="DownloadFileWithoutAnyToolForFireFox" time="39.139"/>
  <testcase classname="advanceHandling.fileDownloadingInChrome" name="DownloadFileWithoutAnyTool" time="0.0">
    <ignored/>
  </testcase> <!-- DownloadFileWithoutAnyTool -->
</testsuite> <!-- Default test -->
