<?xml version="1.0" encoding="UTF-8"?>
<!-- Generated by org.testng.reporters.JUnitXMLReporter -->
<testsuite ignored="0" hostname="AKASH-PC" failures="0" tests="4" name="MetaGroupsTest" time="0.09" errors="0" timestamp="2021-12-16T15:35:55 IST">
  <testcase classname="testngtests.MetaGroupsTest" name="m1" time="0.009"/>
  <testcase classname="testngtests.MetaGroupsTest" name="m2" time="0.003"/>
  <testcase classname="testngtests.MetaGroupsTest" name="m3" time="0.002"/>
  <testcase classname="testngtests.MetaGroupsTest" name="m4" time="0.002"/>
</testsuite> <!-- MetaGroupsTest -->
