<?xml version="1.0" encoding="UTF-8"?>
<!-- Generated by org.testng.reporters.JUnitXMLReporter -->
<testsuite ignored="0" hostname="AKASH-PC" failures="0" tests="5" name="Test" time="0.128" errors="0" timestamp="2022-01-02T19:25:29 IST">
  <testcase classname="TestNGPackage.Priority" name="checkButton" time="0.02"/>
  <testcase classname="TestNGPackage.Priority" name="checkDetails" time="0.023"/>
  <testcase classname="TestNGPackage.Priority" name="login" time="0.024"/>
  <testcase classname="TestNGPackage.Priority" name="clickbutton" time="0.035"/>
  <testcase classname="TestNGPackage.Priority" name="launch" time="0.043"/>
</testsuite> <!-- Test -->
