<?xml version="1.0" encoding="UTF-8"?>
<!-- Generated by org.testng.reporters.JUnitXMLReporter -->
<testsuite ignored="0" hostname="AKASH-PC" failures="0" tests="17" name="Test1" time="0.155" errors="0" timestamp="2021-12-16T13:52:51 IST">
  <testcase classname="TestNGPackage.Priority" name="launch" time="0.003"/>
  <testcase classname="TestNGPackage.Priority" name="checkDetails" time="0.006"/>
  <testcase classname="TestNGPackage.Priority" name="login" time="0.002"/>
  <testcase classname="TestNGPackage.Priority" name="checkButton" time="0.001"/>
  <testcase classname="TestNGPackage.Priority" name="clickbutton" time="0.002"/>
  <testcase classname="TestNGPackage.inocationCounts" name="login" time="0.001"/>
  <testcase classname="TestNGPackage.inocationCounts" name="launch" time="0.001"/>
  <testcase classname="TestNGPackage.inocationCounts" name="launch" time="0.005"/>
  <testcase classname="TestNGPackage.inocationCounts" name="launch" time="0.009"/>
  <testcase classname="TestNGPackage.inocationCounts" name="checkDetails" time="0.004"/>
  <testcase classname="TestNGPackage.inocationCounts" name="checkButton" time="0.002"/>
  <testcase classname="TestNGPackage.inocationCounts" name="checktab" time="0.001"/>
  <testcase classname="TestNGPackage.descriptions" name="launch" time="0.002"/>
  <testcase classname="TestNGPackage.descriptions" name="checkDetails" time="0.006"/>
  <testcase classname="TestNGPackage.descriptions" name="login" time="0.007"/>
  <testcase classname="TestNGPackage.descriptions" name="checkButton" time="0.006"/>
  <testcase classname="TestNGPackage.descriptions" name="clickbutton" time="0.004"/>
</testsuite> <!-- Test1 -->
