<?xml version="1.0" encoding="UTF-8"?>
<!-- Generated by org.testng.reporters.JUnitXMLReporter -->
<testsuite ignored="0" hostname="AKASH-PC" failures="1" tests="3" name="Test" time="8.825" errors="0" timestamp="2022-01-24T11:09:42 IST">
  <testcase classname="TestNGPackage.FaceBookPage" name="navigateToPage" time="1.4"/>
  <testcase classname="TestNGPackage.FaceBookPage" name="CheckPageTitle" time="0.047">
    <failure type="java.lang.AssertionError" message="expected [Facebk] but found [Facebook – log in or sign up]">
      <![CDATA[java.lang.AssertionError: expected [Facebk] but found [Facebook – log in or sign up]
at TestNGPackage.FaceBookPage.CheckPageTitle(FaceBookPage.java:49)
at java.base/java.util.ArrayList.forEach(ArrayList.java:1540)
... Removed 33 stack frames]]>
    </failure>
  </testcase> <!-- CheckPageTitle -->
  <testcase classname="TestNGPackage.FaceBookPage" name="login" time="0.354"/>
</testsuite> <!-- Test -->
