<?xml version="1.0" encoding="UTF-8"?>
<!-- Generated by org.testng.reporters.JUnitXMLReporter -->
<testsuite ignored="0" hostname="AKASH-PC" failures="0" tests="3" name="Test2" time="32.003" errors="0" timestamp="2021-12-17T16:14:13 IST">
  <testcase classname="TestNggroup.CrossBrowsing" name="navigateToPage" time="3.662"/>
  <testcase classname="TestNggroup.CrossBrowsing" name="CheckPageTitle" time="0.016"/>
  <testcase classname="TestNggroup.CrossBrowsing" name="login" time="15.923"/>
</testsuite> <!-- Test2 -->
