<?xml version="1.0" encoding="UTF-8"?>
<!-- Generated by org.testng.reporters.JUnitXMLReporter -->
<testsuite ignored="0" hostname="AKASH-PC" failures="0" tests="3" name="Test1" time="51.961" errors="0" timestamp="2021-12-17T16:14:33 IST">
  <testcase classname="TestNggroup.CrossBrowsing" name="navigateToPage" time="4.188"/>
  <testcase classname="TestNggroup.CrossBrowsing" name="CheckPageTitle" time="0.368"/>
  <testcase classname="TestNggroup.CrossBrowsing" name="login" time="40.775"/>
</testsuite> <!-- Test1 -->
