<?xml version="1.0" encoding="UTF-8"?>
<testng-results ignored="0" total="2" passed="2" failed="0" skipped="0">
  <reporter-output>
  </reporter-output>
  <suite started-at="2022-01-26T17:04:22 IST" name="Default suite" finished-at="2022-01-26T17:04:45 IST" duration-ms="22581">
    <groups>
    </groups>
    <test started-at="2022-01-26T17:04:22 IST" name="Default test" finished-at="2022-01-26T17:04:45 IST" duration-ms="22581">
      <class name="log4jConceptAndExtentReports.TestClass">
        <test-method is-config="true" signature="launchBrowser()[pri:0, instance:log4jConceptAndExtentReports.TestClass@65987993]" started-at="2022-01-26T17:04:22 IST" name="launchBrowser" finished-at="2022-01-26T17:04:25 IST" duration-ms="2457" status="PASS">
          <reporter-output>
          </reporter-output>
        </test-method> <!-- launchBrowser -->
        <test-method signature="verifydashboard()[pri:0, instance:log4jConceptAndExtentReports.TestClass@65987993]" started-at="2022-01-26T17:04:25 IST" name="verifydashboard" finished-at="2022-01-26T17:04:25 IST" duration-ms="28" status="PASS">
          <reporter-output>
          </reporter-output>
        </test-method> <!-- verifydashboard -->
        <test-method is-config="true" signature="logoutAccount(org.testng.ITestResult)[pri:0, instance:log4jConceptAndExtentReports.TestClass@65987993]" started-at="2022-01-26T17:04:25 IST" name="logoutAccount" finished-at="2022-01-26T17:04:35 IST" duration-ms="10011" status="PASS">
          <params>
            <param index="0">
              <value>
                <![CDATA[[TestResult name=verifydashboard status=SUCCESS method=TestClass.verifydashboard()[pri:0, instance:log4jConceptAndExtentReports.TestClass@65987993] output={null}]]]>
              </value>
            </param>
          </params>
          <reporter-output>
          </reporter-output>
        </test-method> <!-- logoutAccount -->
        <test-method signature="verifyorder()[pri:0, instance:log4jConceptAndExtentReports.TestClass@65987993]" started-at="2022-01-26T17:04:35 IST" name="verifyorder" finished-at="2022-01-26T17:04:35 IST" duration-ms="3" status="PASS">
          <reporter-output>
          </reporter-output>
        </test-method> <!-- verifyorder -->
        <test-method is-config="true" signature="logoutAccount(org.testng.ITestResult)[pri:0, instance:log4jConceptAndExtentReports.TestClass@65987993]" started-at="2022-01-26T17:04:35 IST" name="logoutAccount" finished-at="2022-01-26T17:04:45 IST" duration-ms="10006" status="PASS">
          <params>
            <param index="0">
              <value>
                <![CDATA[[TestResult name=verifyorder status=SUCCESS method=TestClass.verifyorder()[pri:0, instance:log4jConceptAndExtentReports.TestClass@65987993] output={null}]]]>
              </value>
            </param>
          </params>
          <reporter-output>
          </reporter-output>
        </test-method> <!-- logoutAccount -->
        <test-method is-config="true" signature="closedBrowser()[pri:0, instance:log4jConceptAndExtentReports.TestClass@65987993]" started-at="2022-01-26T17:04:45 IST" name="closedBrowser" finished-at="2022-01-26T17:04:45 IST" duration-ms="28" status="PASS">
          <reporter-output>
          </reporter-output>
        </test-method> <!-- closedBrowser -->
      </class> <!-- log4jConceptAndExtentReports.TestClass -->
    </test> <!-- Default test -->
  </suite> <!-- Default suite -->
</testng-results>
