<?xml version="1.0" encoding="UTF-8"?>
<testng-results ignored="0" total="2" passed="2" failed="0" skipped="0">
  <reporter-output>
  </reporter-output>
  <suite started-at="2022-01-24T14:11:29 IST" name="Default suite" finished-at="2022-01-24T14:11:41 IST" duration-ms="12411">
    <groups>
    </groups>
    <test started-at="2022-01-24T14:11:29 IST" name="Default test" finished-at="2022-01-24T14:11:41 IST" duration-ms="12411">
      <class name="log4jConcept.login">
        <test-method is-config="true" signature="setup()[pri:0, instance:log4jConcept.login@3f4faf53]" started-at="2022-01-24T14:11:29 IST" name="setup" finished-at="2022-01-24T14:11:40 IST" duration-ms="11516" status="PASS">
          <reporter-output>
          </reporter-output>
        </test-method> <!-- setup -->
        <test-method signature="validatTitle()[pri:0, instance:log4jConcept.login@3f4faf53]" started-at="2022-01-24T14:11:40 IST" name="validatTitle" finished-at="2022-01-24T14:11:40 IST" duration-ms="101" status="PASS">
          <reporter-output>
          </reporter-output>
        </test-method> <!-- validatTitle -->
        <test-method signature="validatURL()[pri:0, instance:log4jConcept.login@3f4faf53]" started-at="2022-01-24T14:11:40 IST" name="validatURL" finished-at="2022-01-24T14:11:41 IST" duration-ms="17" status="PASS">
          <reporter-output>
          </reporter-output>
        </test-method> <!-- validatURL -->
        <test-method is-config="true" signature="teardown()[pri:0, instance:log4jConcept.login@3f4faf53]" started-at="2022-01-24T14:11:41 IST" name="teardown" finished-at="2022-01-24T14:11:41 IST" duration-ms="702" status="PASS">
          <reporter-output>
          </reporter-output>
        </test-method> <!-- teardown -->
      </class> <!-- log4jConcept.login -->
    </test> <!-- Default test -->
  </suite> <!-- Default suite -->
</testng-results>
