<?xml version="1.0" encoding="UTF-8"?>
<testng-results ignored="1" total="2" passed="1" failed="0" skipped="0">
  <reporter-output>
  </reporter-output>
  <suite started-at="2022-01-18T20:59:54 IST" name="Default suite" finished-at="2022-01-18T21:00:33 IST" duration-ms="39200">
    <groups>
    </groups>
    <test started-at="2022-01-18T20:59:54 IST" name="Default test" finished-at="2022-01-18T21:00:33 IST" duration-ms="39200">
      <class name="advanceHandling.fileDownloadingInChrome">
        <test-method signature="DownloadFileWithoutAnyToolForFireFox()[pri:2, instance:advanceHandling.fileDownloadingInChrome@223aa2f7]" started-at="2022-01-18T20:59:54 IST" name="DownloadFileWithoutAnyToolForFireFox" finished-at="2022-01-18T21:00:33 IST" duration-ms="39139" status="PASS">
          <reporter-output>
          </reporter-output>
        </test-method> <!-- DownloadFileWithoutAnyToolForFireFox -->
      </class> <!-- advanceHandling.fileDownloadingInChrome -->
    </test> <!-- Default test -->
  </suite> <!-- Default suite -->
</testng-results>
