<?xml version="1.0" encoding="UTF-8"?>
<testng-results ignored="0" total="5" passed="5" failed="0" skipped="0">
  <reporter-output>
  </reporter-output>
  <suite started-at="2022-01-17T20:41:44 IST" name="Default suite" finished-at="2022-01-17T20:41:46 IST" duration-ms="2650">
    <groups>
    </groups>
    <test started-at="2022-01-17T20:41:44 IST" name="Default test" finished-at="2022-01-17T20:41:46 IST" duration-ms="2650">
      <class name="TestNggroup.DataProviderParameter">
        <test-method is-config="true" signature="beforeMethod()[pri:0, instance:TestNggroup.DataProviderParameter@48f278eb]" started-at="2022-01-17T20:41:44 IST" name="beforeMethod" finished-at="2022-01-17T20:41:44 IST" duration-ms="11" status="PASS">
          <reporter-output>
          </reporter-output>
        </test-method> <!-- beforeMethod -->
        <test-method signature="login(java.lang.String,java.lang.String)[pri:0, instance:TestNggroup.DataProviderParameter@48f278eb]" started-at="2022-01-17T20:41:46 IST" name="login" data-provider="TestData" finished-at="2022-01-17T20:41:46 IST" duration-ms="15" status="PASS">
          <params>
            <param index="0">
              <value>
                <![CDATA[abc@gamil.com]]>
              </value>
            </param>
            <param index="1">
              <value>
                <![CDATA[pass@123]]>
              </value>
            </param>
          </params>
          <reporter-output>
          </reporter-output>
        </test-method> <!-- login -->
        <test-method signature="login(java.lang.String,java.lang.String)[pri:0, instance:TestNggroup.DataProviderParameter@48f278eb]" started-at="2022-01-17T20:41:46 IST" name="login" data-provider="TestData" finished-at="2022-01-17T20:41:46 IST" duration-ms="6" status="PASS">
          <params>
            <param index="0">
              <value>
                <![CDATA[efg@gamil.com]]>
              </value>
            </param>
            <param index="1">
              <value>
                <![CDATA[pass@234]]>
              </value>
            </param>
          </params>
          <reporter-output>
          </reporter-output>
        </test-method> <!-- login -->
        <test-method signature="login(java.lang.String,java.lang.String)[pri:0, instance:TestNggroup.DataProviderParameter@48f278eb]" started-at="2022-01-17T20:41:46 IST" name="login" data-provider="TestData" finished-at="2022-01-17T20:41:46 IST" duration-ms="2" status="PASS">
          <params>
            <param index="0">
              <value>
                <![CDATA[xyz@gmail.com]]>
              </value>
            </param>
            <param index="1">
              <value>
                <![CDATA[pass@345]]>
              </value>
            </param>
          </params>
          <reporter-output>
          </reporter-output>
        </test-method> <!-- login -->
        <test-method signature="login(java.lang.String,java.lang.String)[pri:0, instance:TestNggroup.DataProviderParameter@48f278eb]" started-at="2022-01-17T20:41:46 IST" name="login" data-provider="TestData" finished-at="2022-01-17T20:41:46 IST" duration-ms="5" status="PASS">
          <params>
            <param index="0">
              <value>
                <![CDATA[dll@gmail.com]]>
              </value>
            </param>
            <param index="1">
              <value>
                <![CDATA[pasp@121]]>
              </value>
            </param>
          </params>
          <reporter-output>
          </reporter-output>
        </test-method> <!-- login -->
        <test-method signature="login(java.lang.String,java.lang.String)[pri:0, instance:TestNggroup.DataProviderParameter@48f278eb]" started-at="2022-01-17T20:41:46 IST" name="login" data-provider="TestData" finished-at="2022-01-17T20:41:46 IST" duration-ms="5" status="PASS">
          <params>
            <param index="0">
              <value>
                <![CDATA[mss@gamil.com]]>
              </value>
            </param>
            <param index="1">
              <value>
                <![CDATA[pass@qws]]>
              </value>
            </param>
          </params>
          <reporter-output>
          </reporter-output>
        </test-method> <!-- login -->
      </class> <!-- TestNggroup.DataProviderParameter -->
    </test> <!-- Default test -->
  </suite> <!-- Default suite -->
</testng-results>
